2025-11-02 15:54:27 [main] INFO  o.testcontainers.images.PullPolicy - Image pull policy will be performed by: DefaultPullPolicy()
2025-11-02 15:54:27 [main] INFO  o.t.utility.ImageNameSubstitutor - Image name substitution will be performed by: DefaultImageNameSubstitutor (composite of 'ConfigurationFileImageNameSubstitutor' and 'PrefixingImageNameSubstitutor')
2025-11-02 15:54:27 [main] INFO  o.testcontainers.DockerClientFactory - Testcontainers version: 1.21.0
2025-11-02 15:54:27 [main] INFO  o.t.d.DockerClientProviderStrategy - Loaded org.testcontainers.dockerclient.UnixSocketClientProviderStrategy from ~/.testcontainers.properties, will try it first
2025-11-02 15:54:28 [main] INFO  o.t.d.DockerClientProviderStrategy - Found Docker environment with local Unix socket (unix:///var/run/docker.sock)
2025-11-02 15:54:28 [main] INFO  o.testcontainers.DockerClientFactory - Docker host IP address is localhost
2025-11-02 15:54:28 [main] INFO  o.testcontainers.DockerClientFactory - Connected to docker: 
  Server Version: 28.5.1
  API Version: 1.51
  Operating System: EndeavourOS
  Total Memory: 63743 MB
2025-11-02 15:54:28 [main] INFO  tc.testcontainers/ryuk:0.11.0 - Creating container for image: testcontainers/ryuk:0.11.0
2025-11-02 15:54:28 [main] INFO  tc.testcontainers/ryuk:0.11.0 - Container testcontainers/ryuk:0.11.0 is starting: c90c4a14b56d00a15a98043c777914e0b2b18d337927cca49996504c08a15262
2025-11-02 15:54:28 [main] INFO  tc.testcontainers/ryuk:0.11.0 - Container testcontainers/ryuk:0.11.0 started in PT0.41955087S
2025-11-02 15:54:28 [main] INFO  o.t.utility.RyukResourceReaper - Ryuk started - will monitor and terminate Testcontainers containers on JVM exit
2025-11-02 15:54:28 [main] INFO  o.testcontainers.DockerClientFactory - Checking the system...
2025-11-02 15:54:28 [main] INFO  o.testcontainers.DockerClientFactory - ✔︎ Docker server version should be at least 1.6.0
2025-11-02 15:54:28 [main] INFO  t.epos/metadata-database-deploy-pop-test:latest - Pulling docker image: epos/metadata-database-deploy-pop-test:latest. Please be patient; this may take some time but only needs to be done once.
2025-11-02 15:54:30 [docker-java-stream-980542437] INFO  t.epos/metadata-database-deploy-pop-test:latest - Starting to pull image
2025-11-02 15:54:30 [docker-java-stream-980542437] INFO  t.epos/metadata-database-deploy-pop-test:latest - Pulling image layers:  0 pending,  0 downloaded,  0 extracted, (0 bytes/0 bytes)
